Start testing: Jul 05 22:56 UTC
----------------------------------------------------------
1/3 Testing: test_fetcher
1/3 Test: test_fetcher
Command: "/workspace/build/tests/test_fetcher"
Directory: /workspace/build/tests
"test_fetcher" start time: Jul 05 22:56 UTC
Output:
----------------------------------------------------------
Fetcher test passed.
<end of output>
Test time =   0.54 sec
----------------------------------------------------------
Test Passed.
"test_fetcher" end time: Jul 05 22:56 UTC
"test_fetcher" time elapsed: 00:00:00
----------------------------------------------------------

2/3 Testing: test_parser
2/3 Test: test_parser
Command: "/workspace/build/tests/test_parser"
Directory: /workspace/build/tests
"test_parser" start time: Jul 05 22:56 UTC
Output:
----------------------------------------------------------
Parser test failed.
<end of output>
Test time =   0.01 sec
----------------------------------------------------------
Test Failed.
"test_parser" end time: Jul 05 22:56 UTC
"test_parser" time elapsed: 00:00:00
----------------------------------------------------------

3/3 Testing: test_model
3/3 Test: test_model
Command: "/workspace/build/tests/test_model"
Directory: /workspace/build/tests
"test_model" start time: Jul 05 22:56 UTC
Output:
----------------------------------------------------------
Model test passed.
<end of output>
Test time =   0.00 sec
----------------------------------------------------------
Test Passed.
"test_model" end time: Jul 05 22:56 UTC
"test_model" time elapsed: 00:00:00
----------------------------------------------------------

End testing: Jul 05 22:56 UTC
